==9434== Memcheck, a memory error detector
==9434== Copyright (C) 2002-2017, and GNU GPL'd, by Julian Seward et al.
==9434== Using Valgrind-3.18.1 and LibVEX; rerun with -h for copyright info
==9434== Command: ./prog
==9434== 
==============================DONO DO PEDIDO: Patricia

Produto: BigMac 
Ingredientes: hamburguer,pao,alface,molho especial,picles,cebola


Produto: McFlurry 
Ingredientes: chocolate,coco,sorvete baunilha


Produto: GigaTasty 
Ingredientes: hamburguer,pao,quejo,alface,molho tasty,cebola crispy

==============================DONO DO PEDIDO: John

Produto: BigMac 
Ingredientes: hamburguer,pao,alface,molho especial,picles,cebola


Produto: McFlurry 
Ingredientes: chocolate,coco,sorvete baunilha

Pedido não Enviado! Pedido tem mais calorias do que a restricao, tente retirar algum produto!
==============================DONO DO PEDIDO: Patricia

Produto: BigMac 
Ingredientes: hamburguer,pao,alface,molho especial,picles,cebola


Produto: McFlurry 
Ingredientes: chocolate,coco,sorvete baunilha


Produto: GigaTasty 
Ingredientes: hamburguer,pao,quejo,alface,molho tasty,cebola crispy

==============================DONO DO PEDIDO: Patricia

Produto: BigMac 
Ingredientes: hamburguer,pao,alface,molho especial,picles,cebola


Produto: GigaTasty 
Ingredientes: hamburguer,pao,quejo,alface,molho tasty,cebola crispy

Pedido não Enviado! Pedido tem mais calorias do que a restricao, tente retirar algum produto!
==============================DONO DO PEDIDO: Patricia

Produto: BigMac 
Ingredientes: hamburguer,pao,alface,molho especial,picles,cebola


Produto: GigaTasty 
Ingredientes: hamburguer,pao,quejo,alface,molho tasty,cebola crispy

==============================DONO DO PEDIDO: Patricia

Produto: BigMac 
Ingredientes: hamburguer,pao,alface,molho especial,picles,cebola

Pedido de patricia enviado!
Pedido não Enviado! Restricao alimentar no produto: BigMac
==============================DONO DO PEDIDO: John

Produto: BigMac 
Ingredientes: hamburguer,pao,alface,molho especial,picles,cebola


Produto: McFlurry 
Ingredientes: chocolate,coco,sorvete baunilha

Pedido de John enviado!
==9434== 
==9434== HEAP SUMMARY:
==9434==     in use at exit: 0 bytes in 0 blocks
==9434==   total heap usage: 33 allocs, 33 frees, 4,945 bytes allocated
==9434== 
==9434== All heap blocks were freed -- no leaks are possible
==9434== 
==9434== For lists of detected and suppressed errors, rerun with: -s
==9434== ERROR SUMMARY: 0 errors from 0 contexts (suppressed: 0 from 0)
