==54997== Memcheck, a memory error detector
==54997== Copyright (C) 2002-2017, and GNU GPL'd, by Julian Seward et al.
==54997== Using Valgrind-3.18.1 and LibVEX; rerun with -h for copyright info
==54997== Command: ./main --leak-check=ful
==54997== 
|nome5| <|nome3| <|nome1| <>>|nome2| <>>|nome4| <>==54997== 
==54997== HEAP SUMMARY:
==54997==     in use at exit: 190 bytes in 15 blocks
==54997==   total heap usage: 16 allocs, 1 frees, 4,286 bytes allocated
==54997== 
==54997== LEAK SUMMARY:
==54997==    definitely lost: 24 bytes in 1 blocks
==54997==    indirectly lost: 166 bytes in 14 blocks
==54997==      possibly lost: 0 bytes in 0 blocks
==54997==    still reachable: 0 bytes in 0 blocks
==54997==         suppressed: 0 bytes in 0 blocks
==54997== Rerun with --leak-check=full to see details of leaked memory
==54997== 
==54997== For lists of detected and suppressed errors, rerun with: -s
==54997== ERROR SUMMARY: 0 errors from 0 contexts (suppressed: 0 from 0)
==55104== Memcheck, a memory error detector
==55104== Copyright (C) 2002-2017, and GNU GPL'd, by Julian Seward et al.
==55104== Using Valgrind-3.18.1 and LibVEX; rerun with -h for copyright info
==55104== Command: ./main --leak-check=ful
==55104== 
|nome5| < |nome3| < |nome1| < >>|nome2| < >>|nome4| < >==55104== 
==55104== HEAP SUMMARY:
==55104==     in use at exit: 190 bytes in 15 blocks
==55104==   total heap usage: 16 allocs, 1 frees, 4,286 bytes allocated
==55104== 
==55104== LEAK SUMMARY:
==55104==    definitely lost: 24 bytes in 1 blocks
==55104==    indirectly lost: 166 bytes in 14 blocks
==55104==      possibly lost: 0 bytes in 0 blocks
==55104==    still reachable: 0 bytes in 0 blocks
==55104==         suppressed: 0 bytes in 0 blocks
==55104== Rerun with --leak-check=full to see details of leaked memory
==55104== 
==55104== For lists of detected and suppressed errors, rerun with: -s
==55104== ERROR SUMMARY: 0 errors from 0 contexts (suppressed: 0 from 0)
==55164== Memcheck, a memory error detector
==55164== Copyright (C) 2002-2017, and GNU GPL'd, by Julian Seward et al.
==55164== Using Valgrind-3.18.1 and LibVEX; rerun with -h for copyright info
==55164== Command: ./main --leak-check=ful
==55164== 
|nome5| < |nome3| < |nome1| <  > >|nome2| <  > >|nome4| <  >==55164== 
==55164== HEAP SUMMARY:
==55164==     in use at exit: 190 bytes in 15 blocks
==55164==   total heap usage: 16 allocs, 1 frees, 4,286 bytes allocated
==55164== 
==55164== LEAK SUMMARY:
==55164==    definitely lost: 24 bytes in 1 blocks
==55164==    indirectly lost: 166 bytes in 14 blocks
==55164==      possibly lost: 0 bytes in 0 blocks
==55164==    still reachable: 0 bytes in 0 blocks
==55164==         suppressed: 0 bytes in 0 blocks
==55164== Rerun with --leak-check=full to see details of leaked memory
==55164== 
==55164== For lists of detected and suppressed errors, rerun with: -s
==55164== ERROR SUMMARY: 0 errors from 0 contexts (suppressed: 0 from 0)
==44562== Memcheck, a memory error detector
==44562== Copyright (C) 2002-2017, and GNU GPL'd, by Julian Seward et al.
==44562== Using Valgrind-3.18.1 and LibVEX; rerun with -h for copyright info
==44562== Command: ./main --leak-check=ful
==44562== 
|nome5| < |nome3| < |nome1| <  > >|nome2| <  > >|nome4| <  >==44562== 
==44562== HEAP SUMMARY:
==44562==     in use at exit: 190 bytes in 15 blocks
==44562==   total heap usage: 16 allocs, 1 frees, 4,286 bytes allocated
==44562== 
==44562== LEAK SUMMARY:
==44562==    definitely lost: 24 bytes in 1 blocks
==44562==    indirectly lost: 166 bytes in 14 blocks
==44562==      possibly lost: 0 bytes in 0 blocks
==44562==    still reachable: 0 bytes in 0 blocks
==44562==         suppressed: 0 bytes in 0 blocks
==44562== Rerun with --leak-check=full to see details of leaked memory
==44562== 
==44562== For lists of detected and suppressed errors, rerun with: -s
==44562== ERROR SUMMARY: 0 errors from 0 contexts (suppressed: 0 from 0)
==45982== Memcheck, a memory error detector
==45982== Copyright (C) 2002-2017, and GNU GPL'd, by Julian Seward et al.
==45982== Using Valgrind-3.18.1 and LibVEX; rerun with -h for copyright info
==45982== Command: ./main --leak-check=ful
==45982== 
|nome5| < |nome3| < |nome1| <  > >|nome2| <  > >|nome4| <  >==45982== 
==45982== HEAP SUMMARY:
==45982==     in use at exit: 190 bytes in 15 blocks
==45982==   total heap usage: 16 allocs, 1 frees, 4,286 bytes allocated
==45982== 
==45982== LEAK SUMMARY:
==45982==    definitely lost: 24 bytes in 1 blocks
==45982==    indirectly lost: 166 bytes in 14 blocks
==45982==      possibly lost: 0 bytes in 0 blocks
==45982==    still reachable: 0 bytes in 0 blocks
==45982==         suppressed: 0 bytes in 0 blocks
==45982== Rerun with --leak-check=full to see details of leaked memory
==45982== 
==45982== For lists of detected and suppressed errors, rerun with: -s
==45982== ERROR SUMMARY: 0 errors from 0 contexts (suppressed: 0 from 0)
==46130== Memcheck, a memory error detector
==46130== Copyright (C) 2002-2017, and GNU GPL'd, by Julian Seward et al.
==46130== Using Valgrind-3.18.1 and LibVEX; rerun with -h for copyright info
==46130== Command: ./main --leak-check=ful
==46130== 
|nome5| < |nome3| < |nome1| <  > >|nome2| <  > >|nome4| <  >==46130== 
==46130== HEAP SUMMARY:
==46130==     in use at exit: 190 bytes in 15 blocks
==46130==   total heap usage: 16 allocs, 1 frees, 4,286 bytes allocated
==46130== 
==46130== LEAK SUMMARY:
==46130==    definitely lost: 24 bytes in 1 blocks
==46130==    indirectly lost: 166 bytes in 14 blocks
==46130==      possibly lost: 0 bytes in 0 blocks
==46130==    still reachable: 0 bytes in 0 blocks
==46130==         suppressed: 0 bytes in 0 blocks
==46130== Rerun with --leak-check=full to see details of leaked memory
==46130== 
==46130== For lists of detected and suppressed errors, rerun with: -s
==46130== ERROR SUMMARY: 0 errors from 0 contexts (suppressed: 0 from 0)
==46252== Memcheck, a memory error detector
==46252== Copyright (C) 2002-2017, and GNU GPL'd, by Julian Seward et al.
==46252== Using Valgrind-3.18.1 and LibVEX; rerun with -h for copyright info
==46252== Command: ./main --leak-check=ful
==46252== 
|nome5| < |nome3| < |nome1| <  > >|nome2| <  > >|nome4| <  >==46252== 
==46252== HEAP SUMMARY:
==46252==     in use at exit: 190 bytes in 15 blocks
==46252==   total heap usage: 16 allocs, 1 frees, 4,286 bytes allocated
==46252== 
==46252== LEAK SUMMARY:
==46252==    definitely lost: 24 bytes in 1 blocks
==46252==    indirectly lost: 166 bytes in 14 blocks
==46252==      possibly lost: 0 bytes in 0 blocks
==46252==    still reachable: 0 bytes in 0 blocks
==46252==         suppressed: 0 bytes in 0 blocks
==46252== Rerun with --leak-check=full to see details of leaked memory
==46252== 
==46252== For lists of detected and suppressed errors, rerun with: -s
==46252== ERROR SUMMARY: 0 errors from 0 contexts (suppressed: 0 from 0)
==46816== Memcheck, a memory error detector
==46816== Copyright (C) 2002-2017, and GNU GPL'd, by Julian Seward et al.
==46816== Using Valgrind-3.18.1 and LibVEX; rerun with -h for copyright info
==46816== Command: ./main --leak-check=ful
==46816== 
|nome5| < |nome3| < |nome1| <  > >|nome2| <  > >|nome4| <  >==46816== 
==46816== HEAP SUMMARY:
==46816==     in use at exit: 190 bytes in 15 blocks
==46816==   total heap usage: 16 allocs, 1 frees, 4,286 bytes allocated
==46816== 
==46816== LEAK SUMMARY:
==46816==    definitely lost: 24 bytes in 1 blocks
==46816==    indirectly lost: 166 bytes in 14 blocks
==46816==      possibly lost: 0 bytes in 0 blocks
==46816==    still reachable: 0 bytes in 0 blocks
==46816==         suppressed: 0 bytes in 0 blocks
==46816== Rerun with --leak-check=full to see details of leaked memory
==46816== 
==46816== For lists of detected and suppressed errors, rerun with: -s
==46816== ERROR SUMMARY: 0 errors from 0 contexts (suppressed: 0 from 0)
==46929== Memcheck, a memory error detector
==46929== Copyright (C) 2002-2017, and GNU GPL'd, by Julian Seward et al.
==46929== Using Valgrind-3.18.1 and LibVEX; rerun with -h for copyright info
==46929== Command: ./main --leak-check=ful
==46929== 
|nome5| < |nome3| < |nome1| <  > >|nome2| <  > >|nome4| <  >==46929== 
==46929== HEAP SUMMARY:
==46929==     in use at exit: 190 bytes in 15 blocks
==46929==   total heap usage: 16 allocs, 1 frees, 4,286 bytes allocated
==46929== 
==46929== LEAK SUMMARY:
==46929==    definitely lost: 24 bytes in 1 blocks
==46929==    indirectly lost: 166 bytes in 14 blocks
==46929==      possibly lost: 0 bytes in 0 blocks
==46929==    still reachable: 0 bytes in 0 blocks
==46929==         suppressed: 0 bytes in 0 blocks
==46929== Rerun with --leak-check=full to see details of leaked memory
==46929== 
==46929== For lists of detected and suppressed errors, rerun with: -s
==46929== ERROR SUMMARY: 0 errors from 0 contexts (suppressed: 0 from 0)
