==12965== Memcheck, a memory error detector
==12965== Copyright (C) 2002-2017, and GNU GPL'd, by Julian Seward et al.
==12965== Using Valgrind-3.18.1 and LibVEX; rerun with -h for copyright info
==12965== Command: ./main --leak-check=ful
==12965== 
VETOR DESORDENADO
[1][2][5][5][4][6][3][4][6][9]
VETOR ORDENADO
[9][6][6][5][5][4][4][3][2][1]

VETOR GRANDE DESORDENADO
VETOR GRANDE ORDENADO
==12965== 
==12965== HEAP SUMMARY:
==12965==     in use at exit: 0 bytes in 0 blocks
==12965==   total heap usage: 1 allocs, 1 frees, 4,096 bytes allocated
==12965== 
==12965== All heap blocks were freed -- no leaks are possible
==12965== 
==12965== For lists of detected and suppressed errors, rerun with: -s
==12965== ERROR SUMMARY: 0 errors from 0 contexts (suppressed: 0 from 0)
==21934== Memcheck, a memory error detector
==21934== Copyright (C) 2002-2017, and GNU GPL'd, by Julian Seward et al.
==21934== Using Valgrind-3.18.1 and LibVEX; rerun with -h for copyright info
==21934== Command: ./main --leak-check=ful
==21934== 
VETOR DESORDENADO
[1][2][5][5][4][6][3][4][6][9]
VETOR ORDENADO
[9][6][6][5][5][4][4][3][2][1]

VETOR GRANDE DESORDENADO
VETOR GRANDE ORDENADO
==21934== 
==21934== HEAP SUMMARY:
==21934==     in use at exit: 0 bytes in 0 blocks
==21934==   total heap usage: 1 allocs, 1 frees, 4,096 bytes allocated
==21934== 
==21934== All heap blocks were freed -- no leaks are possible
==21934== 
==21934== For lists of detected and suppressed errors, rerun with: -s
==21934== ERROR SUMMARY: 0 errors from 0 contexts (suppressed: 0 from 0)
