==15265== Memcheck, a memory error detector
==15265== Copyright (C) 2002-2017, and GNU GPL'd, by Julian Seward et al.
==15265== Using Valgrind-3.18.1 and LibVEX; rerun with -h for copyright info
==15265== Command: ./main --leak-check=ful -s
==15265== 
Node found with value: 40
 |50| <> |10| < |20| < |30| < |40| <>> |25| <>>>==15265== 
==15265== HEAP SUMMARY:
==15265==     in use at exit: 0 bytes in 0 blocks
==15265==   total heap usage: 7 allocs, 7 frees, 4,240 bytes allocated
==15265== 
==15265== All heap blocks were freed -- no leaks are possible
==15265== 
==15265== For lists of detected and suppressed errors, rerun with: -s
==15265== ERROR SUMMARY: 0 errors from 0 contexts (suppressed: 0 from 0)
==16494== Memcheck, a memory error detector
==16494== Copyright (C) 2002-2017, and GNU GPL'd, by Julian Seward et al.
==16494== Using Valgrind-3.18.1 and LibVEX; rerun with -h for copyright info
==16494== Command: ./main --leak-check=ful -s
==16494== 
Node found with value: 40
 |50| <> |10| < |20| < |30| < |40| <>> |25| <>>>==16494== 
==16494== HEAP SUMMARY:
==16494==     in use at exit: 0 bytes in 0 blocks
==16494==   total heap usage: 7 allocs, 7 frees, 4,240 bytes allocated
==16494== 
==16494== All heap blocks were freed -- no leaks are possible
==16494== 
==16494== For lists of detected and suppressed errors, rerun with: -s
==16494== ERROR SUMMARY: 0 errors from 0 contexts (suppressed: 0 from 0)
