==16195== Memcheck, a memory error detector
==16195== Copyright (C) 2002-2017, and GNU GPL'd, by Julian Seward et al.
==16195== Using Valgrind-3.18.1 and LibVEX; rerun with -h for copyright info
==16195== Command: ./prog
==16195== 

A arvore eh: 6-3*4+1+5
O valor da expressao da arvore1 eh: 20 

O numero de folhas da arvore1 eh: 4 

A altura da arvore1 eh: 3 

A arvore eh: 
A arvore2 eh: 6*5+22+5*10-20+30
O valor da expressao da arvore2 eh: 112 

O numero de folhas da arvore2 eh: 4 

A altura da arvore2 eh: 4 

A arvore eh: ==16195== 
==16195== HEAP SUMMARY:
==16195==     in use at exit: 0 bytes in 0 blocks
==16195==   total heap usage: 23 allocs, 23 frees, 4,624 bytes allocated
==16195== 
==16195== All heap blocks were freed -- no leaks are possible
==16195== 
==16195== For lists of detected and suppressed errors, rerun with: -s
==16195== ERROR SUMMARY: 0 errors from 0 contexts (suppressed: 0 from 0)
